2018-07-25 21:14:53,854 INFO  : Configurations are loaded from config.properties and default.properties, where config.properties taking preference
2018-07-25 21:14:54,287 INFO  : Refreshing org.springframework.context.support.ClassPathXmlApplicationContext@6d8f32cd: startup date [Wed Jul 25 21:14:54 IST 2018]; root of context hierarchy
2018-07-25 21:14:54,375 INFO  : Loading XML bean definitions from URL [jar:file:/Users/300019226/.gradle/caches/modules-2/files-2.1/com.myntra.myntra-core-test-framework/myntra-core-automation-frmwk/2.1.1-SNAPSHOT/2332de94546e4a38009dad38e4a150f2c27ac346/myntra-core-automation-frmwk-2.1.1-SNAPSHOT.jar!/db-config.xml]
2018-07-25 21:14:54,525 ERROR : db-configuration.xml not found
2018-07-25 21:14:54,527 INFO  : running tests in parallel mode => none
2018-07-25 21:14:54,533 INFO  : OnlineTest - beforeSuite
2018-07-25 21:14:54,597 INFO  : Adding TestNGDynamicLogger listener
2018-07-25 21:14:54,598 INFO  : >> Finished - com.myntra.scenarios.SupportTest::beforeSuite
2018-07-25 21:14:54,602 INFO  : parallel thread count => 1
2018-07-25 21:14:54,603 INFO  : **************** test-context 'Test Scenario2' started ****************
2018-07-25 21:14:54,608 INFO  : >> Finished - com.myntra.utils.test_utils.BaseTest::init
2018-07-25 21:14:54,609 INFO  : OnlineTest - beforeClass
2018-07-25 21:14:54,611 INFO  : Loading Test Data File at Path :: /Applications/MAMP/htdocs/REPO/testSuites/moolya-ui-automation/build/resources/test/data/stage/desktop/testdata.ini
2018-07-25 21:14:54,643 INFO  : >> Finished - com.myntra.scenarios.SupportTest::beforeClass
2018-07-25 21:14:54,781 INFO  : creating chrome driver with options => {browserName=chrome, goog:chromeOptions={args=[--disable-fre, --no-first-run, --no-default-browser-check, --enable-sandbox, --session-override, --start-maximized, --disable-save-password-bubble, --disable-extensions, chrome.switches, --test-type, --disable-infobars, --incognito], binary=/Applications/Google Chrome.app/Contents/MacOS/Google Chrome, extensions=[], prefs={}}}
2018-07-25 21:14:56,183 INFO  : creating webdriver org.openqa.selenium.support.events.EventFiringWebDriver@16144400 for class com.myntra.scenarios.OnlineTest # addProductMoveToBagApplyCouponPlaceOrderRemoveAddressPayUsingOnline
2018-07-25 21:14:56,186 INFO  : >> Finished - com.myntra.utils.test_utils.BaseTest::setUp
2018-07-25 21:15:00,175 INFO  : >> Finished - com.myntra.utils.test_utils.BaseTest::openBaseUrl
2018-07-25 21:15:00,181 INFO  : OnlineTest - beforeMethod
2018-07-25 21:15:00,181 INFO  : Test Method Name Started :: addProductMoveToBagApplyCouponPlaceOrderRemoveAddressPayUsingOnline
2018-07-25 21:15:00,182 INFO  : Get Test Data for test - addProductMoveToBagApplyCouponPlaceOrderRemoveAddressPayUsingOnline
2018-07-25 21:15:00,184 INFO  : Adding context for thread - 11
2018-07-25 21:15:00,184 INFO  : Starting test execution - addProductMoveToBagApplyCouponPlaceOrderRemoveAddressPayUsingOnline
2018-07-25 21:15:00,184 INFO  : >> Finished - com.myntra.scenarios.SupportTest::beforeMethod
2018-07-25 21:15:00,223 INFO  : **************** Test 'com.myntra.scenarios.OnlineTest # addProductMoveToBagApplyCouponPlaceOrderRemoveAddressPayUsingOnline' started ****************
2018-07-25 21:15:00,224 INFO  : loginAndCleanup - Set up for test method [addProductMoveToBagApplyCouponPlaceOrderRemoveAddressPayUsingOnline] started.
2018-07-25 21:15:00,226 INFO  : Test: addProductMoveToBagApplyCouponPlaceOrderRemoveAddressPayUsingOnline :: Loaded 10 entries from data file
2018-07-25 21:15:00,343 INFO  : useDynamicLogger = true. Creating instance of class - com.myntra.core.business.Home - using DynamicLogger
2018-07-25 21:15:00,494 INFO  : useDynamicLogger = true. Creating instance of class - com.myntra.core.business.User - using DynamicLogger
2018-07-25 21:15:00,533 INFO  : useDynamicLogger = true. Creating instance of class - com.myntra.core.pages.Desktop.DesktopLoginPage - using DynamicLogger
2018-07-25 21:15:02,538 INFO  : >> Finished - com.myntra.core.pages.Desktop.DesktopLoginPage.navigateToLogin()
2018-07-25 21:15:07,184 INFO  : useDynamicLogger = true. Creating instance of class - com.myntra.core.pages.Desktop.DesktopHomePage - using DynamicLogger
2018-07-25 21:15:07,226 INFO  : >> Finished - com.myntra.core.pages.Desktop.DesktopLoginPage.login()
2018-07-25 21:15:07,467 INFO  : >> Finished - com.myntra.core.pages.Desktop.DesktopHomePage.isUserLoggedIn()
2018-07-25 21:15:07,468 INFO  : >> Finished - com.myntra.core.business.User.loginSuccessfully()
2018-07-25 21:15:07,468 INFO  : >> Finished - com.myntra.core.business.Home.loginSuccessfully()
2018-07-25 21:15:07,470 INFO  : useDynamicLogger = true. Creating instance of class - com.myntra.core.business.Home - using DynamicLogger
2018-07-25 21:15:07,471 INFO  : >> Finished - com.myntra.core.business.BusinessFlow.home()
2018-07-25 21:15:07,471 INFO  : useDynamicLogger = true. Creating instance of class - com.myntra.core.pages.Desktop.DesktopHomePage - using DynamicLogger
2018-07-25 21:15:09,144 INFO  : useDynamicLogger = true. Creating instance of class - com.myntra.core.pages.Desktop.DesktopShoppingBagPage - using DynamicLogger
2018-07-25 21:15:14,361 ERROR : unable to locate the element with locator 'By.xpath: //div[text()='Your Shopping Bag is empty']' after waiting for 5 seconds
2018-07-25 21:15:14,362 INFO  : >> Finished - com.myntra.core.pages.ShoppingBagPage.isEmptyBagMsgPresent()
2018-07-25 21:15:14,580 INFO  : >> Finished - com.myntra.core.pages.ShoppingBagPage.removeItemFromCart()
2018-07-25 21:15:15,642 INFO  : >> Finished - com.myntra.core.pages.ShoppingBagPage.isEmptyBagMsgPresent()
2018-07-25 21:15:15,643 INFO  : >> Finished - com.myntra.core.pages.ShoppingBagPage.clickRemoveLink()
2018-07-25 21:15:15,645 INFO  : >> Finished - com.myntra.ui.AbstractBasePage.getDriver()
2018-07-25 21:15:16,441 INFO  : >> Finished - com.myntra.core.pages.Page.goBack()
2018-07-25 21:15:16,442 INFO  : useDynamicLogger = true. Creating instance of class - com.myntra.core.pages.Desktop.DesktopHomePage - using DynamicLogger
2018-07-25 21:15:16,447 INFO  : >> Finished - com.myntra.core.pages.ShoppingBagPage.emptyBag()
2018-07-25 21:15:19,615 INFO  : useDynamicLogger = true. Creating instance of class - com.myntra.core.pages.Desktop.DesktopAddressPage - using DynamicLogger
2018-07-25 21:15:22,749 ERROR : unable to locate the element with locator 'By.xpath: //p[text()='Your Address Book is Blank']' after waiting for 3 seconds
2018-07-25 21:15:22,749 INFO  : >> Finished - com.myntra.core.pages.AddressPage.isEmptyAddressMsgPresent()
2018-07-25 21:15:25,848 ERROR : unable to locate the element with locator 'By.xpath: //p[text()='Your Address Book is Blank']' after waiting for 3 seconds
2018-07-25 21:15:25,848 INFO  : >> Finished - com.myntra.core.pages.AddressPage.isEmptyAddressMsgPresent()
2018-07-25 21:15:26,992 INFO  : >> Finished - com.myntra.core.pages.AddressPage.isEmptyAddressMsgPresent()
2018-07-25 21:15:26,992 INFO  : >> Finished - com.myntra.core.pages.AddressPage.removeAllAddresses()
2018-07-25 21:15:28,402 INFO  : >> Finished - com.myntra.core.pages.AddressPage.emptyAddress()
2018-07-25 21:15:28,403 INFO  : >> Finished - com.myntra.core.pages.Desktop.DesktopHomePage.resetAddress()
2018-07-25 21:15:28,411 INFO  : useDynamicLogger = true. Creating instance of class - com.myntra.core.pages.Desktop.DesktopProductDescPage - using DynamicLogger
2018-07-25 21:15:29,626 INFO  : useDynamicLogger = true. Creating instance of class - com.myntra.core.pages.Desktop.DesktopWishListPage - using DynamicLogger
2018-07-25 21:15:29,643 INFO  : >> Finished - com.myntra.core.pages.Desktop.DesktopProductDescPage.navigateToWishlist()
2018-07-25 21:15:29,644 INFO  : useDynamicLogger = true. Creating instance of class - com.myntra.core.pages.Desktop.DesktopWishListPage - using DynamicLogger
2018-07-25 21:15:29,649 INFO  : >> Finished - com.myntra.core.pages.Desktop.DesktopHomePage.navigateToWishlist()
2018-07-25 21:15:29,696 INFO  : >> Finished - com.myntra.core.pages.WishListPage.isWishlistEmpty()
2018-07-25 21:15:29,696 INFO  : >> Finished - com.myntra.core.pages.WishListPage.removeAllProductsFromWishlist()
2018-07-25 21:15:29,697 INFO  : >> Finished - com.myntra.ui.AbstractBasePage.getDriver()
2018-07-25 21:15:30,668 INFO  : >> Finished - com.myntra.core.pages.Page.goBack()
2018-07-25 21:15:30,669 INFO  : useDynamicLogger = true. Creating instance of class - com.myntra.core.pages.Desktop.DesktopHomePage - using DynamicLogger
2018-07-25 21:15:30,677 INFO  : >> Finished - com.myntra.core.pages.WishListPage.emptyWishlist()
2018-07-25 21:15:30,677 INFO  : >> Finished - com.myntra.core.pages.HomePage.resetWishlist()
2018-07-25 21:15:30,677 INFO  : >> Finished - com.myntra.core.pages.Desktop.DesktopHomePage.reset()
2018-07-25 21:15:30,678 INFO  : >> Finished - com.myntra.core.business.Home.cleanState()
2018-07-25 21:15:30,678 INFO  : loginAndCleanup - Set up for test method [addProductMoveToBagApplyCouponPlaceOrderRemoveAddressPayUsingOnline] ended.
2018-07-25 21:15:30,681 INFO  : useDynamicLogger = true. Creating instance of class - com.myntra.core.business.Search - using DynamicLogger
2018-07-25 21:15:30,687 INFO  : useDynamicLogger = true. Creating instance of class - com.myntra.core.pages.Desktop.DesktopHomePage - using DynamicLogger
2018-07-25 21:15:32,772 INFO  : useDynamicLogger = true. Creating instance of class - com.myntra.core.pages.Desktop.DesktopProductDescPage - using DynamicLogger
2018-07-25 21:15:32,778 INFO  : >> Finished - com.myntra.core.pages.Desktop.DesktopHomePage.searchProductUsingStyleID()
2018-07-25 21:15:32,826 INFO  : >> Finished - com.myntra.core.pages.ProductDescPage.isProductDisplayed()
2018-07-25 21:15:32,835 INFO  : useDynamicLogger = true. Creating instance of class - com.myntra.core.business.Product - using DynamicLogger
2018-07-25 21:15:32,839 INFO  : >> Finished - com.myntra.core.business.Search.searchProductUsingStyleID()
2018-07-25 21:15:32,839 INFO  : >> Finished - com.myntra.core.business.Home.searchProductUsingStyleID()
2018-07-25 21:15:32,844 INFO  : useDynamicLogger = true. Creating instance of class - com.myntra.core.pages.Desktop.DesktopProductDescPage - using DynamicLogger
2018-07-25 21:15:32,946 INFO  : >> Finished - com.myntra.core.pages.ProductDescPage.saveProductToWishlist()
2018-07-25 21:15:34,015 INFO  : >> Finished - com.myntra.core.pages.ProductDescPage.isProductSavedToWishList()
2018-07-25 21:15:34,016 INFO  : >> Finished - com.myntra.core.business.Product.saveProductToWishlist()
2018-07-25 21:15:34,017 INFO  : useDynamicLogger = true. Creating instance of class - com.myntra.core.pages.Desktop.DesktopProductDescPage - using DynamicLogger
2018-07-25 21:15:34,258 INFO  : >> Finished - com.myntra.core.pages.Desktop.DesktopProductDescPage.selectSizeAndAddToBag()
2018-07-25 21:15:36,575 INFO  : useDynamicLogger = true. Creating instance of class - com.myntra.core.pages.Desktop.DesktopShoppingBagPage - using DynamicLogger
2018-07-25 21:15:36,581 INFO  : >> Finished - com.myntra.core.pages.ProductDescPage.goToBag()
2018-07-25 21:15:36,582 INFO  : useDynamicLogger = true. Creating instance of class - com.myntra.core.pages.Desktop.DesktopShoppingBagPage - using DynamicLogger
2018-07-25 21:15:36,587 INFO  : >> Finished - com.myntra.core.pages.Desktop.DesktopProductDescPage.addProductMoveToBag()
2018-07-25 21:15:36,632 INFO  : >> Finished - com.myntra.core.pages.ShoppingBagPage.isProductPresentInBag()
2018-07-25 21:15:36,642 INFO  : useDynamicLogger = true. Creating instance of class - com.myntra.core.business.ShoppingBag - using DynamicLogger
2018-07-25 21:15:36,646 INFO  : >> Finished - com.myntra.core.business.Product.addProductFromPDPToShoppingBag()
2018-07-25 21:15:36,651 INFO  : useDynamicLogger = true. Creating instance of class - com.myntra.core.pages.Desktop.DesktopShoppingBagPage - using DynamicLogger
2018-07-25 21:15:41,172 INFO  : >> Finished - com.myntra.core.pages.Desktop.DesktopShoppingBagPage.applyPersonalisedCoupon()
2018-07-25 21:15:41,215 INFO  : >> Finished - com.myntra.core.pages.ShoppingBagPage.isCouponApplied()
2018-07-25 21:15:41,317 INFO  : useDynamicLogger = true. Creating instance of class - com.myntra.core.pages.Desktop.DesktopAddressPage - using DynamicLogger
2018-07-25 21:15:42,230 INFO  : >> Finished - com.myntra.core.pages.Desktop.DesktopShoppingBagPage.placeOrder()
2018-07-25 21:15:42,892 INFO  : >> Finished - com.myntra.core.pages.AddressPage.addressType()
2018-07-25 21:15:43,641 INFO  : >> Finished - com.myntra.core.pages.AddressPage.addAddress()
2018-07-25 21:15:44,793 INFO  : useDynamicLogger = true. Creating instance of class - com.myntra.core.pages.Desktop.DesktopAddressPage - using DynamicLogger
2018-07-25 21:15:44,800 INFO  : >> Finished - com.myntra.core.pages.Desktop.DesktopAddressPage.removeAddress()
2018-07-25 21:15:46,450 INFO  : >> Finished - com.myntra.core.pages.AddressPage.addressType()
2018-07-25 21:15:47,163 INFO  : >> Finished - com.myntra.core.pages.AddressPage.addAddress()
2018-07-25 21:15:48,309 INFO  : useDynamicLogger = true. Creating instance of class - com.myntra.core.pages.Desktop.DesktopPaymentPage - using DynamicLogger
2018-07-25 21:15:48,331 INFO  : >> Finished - com.myntra.core.pages.AddressPage.addressContinue()
2018-07-25 21:15:48,333 INFO  : useDynamicLogger = true. Creating instance of class - com.myntra.core.business.Payment - using DynamicLogger
2018-07-25 21:15:48,337 INFO  : >> Finished - com.myntra.core.business.ShoppingBag.applyCouponAndPlaceOrderRemoveAddressAddNewAddress()
2018-07-25 21:15:48,343 INFO  : useDynamicLogger = true. Creating instance of class - com.myntra.core.pages.Desktop.DesktopPaymentPage - using DynamicLogger
2018-07-25 21:15:49,940 INFO  : >> Finished - com.myntra.core.pages.PaymentPage.isPaymentPageDisplayed()
2018-07-25 21:15:49,989 INFO  : >> Finished - com.myntra.core.pages.PaymentPage.isPaymentOptionDisplayed(arg0 - NetBanking, )
2018-07-25 21:15:49,991 INFO  : Payment$$EnhancerByCGLIB$$65601031.payUsingNetBanking - APPLICABLE for Channel - DESKTOP_WEB in Environment - stage. Executing it
2018-07-25 21:15:49,991 INFO  : >> Finished - com.myntra.core.business.BusinessFlow.shouldExecuteIfNotInProd(arg0 - Payment$$EnhancerByCGLIB$$65601031, arg1 - payUsingNetBanking, )
2018-07-25 21:15:54,698 INFO  : >> Finished - com.myntra.core.pages.PaymentPage.payUsingNetBankingAvenuesTestAccount()
2018-07-25 21:15:54,698 INFO  : useDynamicLogger = true. Creating instance of class - com.myntra.core.business.PaymentGateway - using DynamicLogger
2018-07-25 21:15:54,701 INFO  : >> Finished - com.myntra.core.business.Payment.payUsingNetBanking()
2018-07-25 21:15:54,702 INFO  : >> Finished - com.myntra.scenarios.OnlineTest::addProductMoveToBagApplyCouponPlaceOrderRemoveAddressPayUsingOnline
2018-07-25 21:15:54,731 INFO  : **************** Test 'com.myntra.scenarios.OnlineTest # addProductMoveToBagApplyCouponPlaceOrderRemoveAddressPayUsingOnline' succeeded in 0 minutes (54.0 seconds) ****************
2018-07-25 21:15:54,733 INFO  : OnlineTest - afterMethod
2018-07-25 21:15:54,733 INFO  : Removing context for thread - 11
2018-07-25 21:15:54,733 INFO  : >> Finished - com.myntra.scenarios.SupportTest::afterMethod
2018-07-25 21:15:54,820 INFO  : removing webdriver org.openqa.selenium.support.events.EventFiringWebDriver@16144400 for class com.myntra.scenarios.OnlineTest # addProductMoveToBagApplyCouponPlaceOrderRemoveAddressPayUsingOnline
2018-07-25 21:15:54,830 INFO  : >> Finished - com.myntra.utils.test_utils.BaseTest::closeDriver
2018-07-25 21:15:54,835 INFO  : OnlineTest - afterClass
2018-07-25 21:15:54,836 INFO  : >> Finished - com.myntra.scenarios.SupportTest::afterClass
2018-07-25 21:15:54,837 INFO  : >> Finished - com.myntra.utils.test_utils.BaseTest::cleanUp
2018-07-25 21:15:54,844 INFO  : rest client , config , gson cleaned up.
2018-07-25 21:15:54,845 INFO  : DB connections are closed successfully.
2018-07-25 21:15:54,845 INFO  : >> Finished - com.myntra.utils.test_utils.BaseTest::cleanUpAfterSuite
2018-07-25 21:15:55,049 INFO  : Test Report at: file:///Applications/MAMP/htdocs/REPO/testSuites/moolya-ui-automation/test-output/custom-report.html
2018-07-25 21:15:55,056 INFO  : adding environment details to allure report
